<?xml version="1.0" encoding="UTF-8"?>
<!-- Generated by org.testng.reporters.JUnitXMLReporter -->
<testsuite hostname="Jaykirti" ignored="0" name="Default test" tests="11" failures="0" timestamp="2021-04-29T23:37:11 IST" time="83.795" errors="0">
  <testcase name="openBrowserAndUrl" time="23.432" classname="stepdefinitions.TasksStepDefinition"/>
  <testcase name="enterUnamePwd" time="4.554" classname="stepdefinitions.TasksStepDefinition"/>
  <testcase name="enterEmail" time="3.383" classname="stepdefinitions.TasksStepDefinition"/>
  <testcase name="personalInfoPage" time="0.016" classname="stepdefinitions.TasksStepDefinition"/>
  <testcase name="custinfo" time="4.878" classname="stepdefinitions.TasksStepDefinition"/>
  <testcase name="clkRegBtn" time="3.286" classname="stepdefinitions.TasksStepDefinition"/>
  <testcase name="myAccPage" time="0.295" classname="stepdefinitions.TasksStepDefinition"/>
  <testcase name="logoutAndLogin" time="7.627" classname="stepdefinitions.TasksStepDefinition"/>
  <testcase name="addProdToCart" time="13.364" classname="stepdefinitions.TasksStepDefinition"/>
  <testcase name="chkOutPage" time="22.272" classname="stepdefinitions.TasksStepDefinition"/>
  <testcase name="paymentPage" time="0.561" classname="stepdefinitions.TasksStepDefinition"/>
</testsuite> <!-- Default test -->
